# JRE version: Java(TM) SE Runtime Environment (8.0_101-b13) (build 1.8.0_101-b13)
# Java VM: Java HotSpot(TM) 64-Bit Server VM (25.101-b13 mixed mode windows-amd64 compressed oops)
Heap:
 PSYoungGen      total 98816K, used 28253K [0x00000000e1400000, 0x00000000e8d00000, 0x0000000100000000)
  eden space 76800K, 12% used [0x00000000e1400000,0x00000000e1dbd8e8,0x00000000e5f00000)
  from space 22016K, 83% used [0x00000000e7780000,0x00000000e8959d60,0x00000000e8d00000)
  to   space 3584K, 0% used [0x00000000e7400000,0x00000000e7400000,0x00000000e7780000)
 ParOldGen       total 89600K, used 41877K [0x00000000a3c00000, 0x00000000a9380000, 0x00000000e1400000)
  object space 89600K, 46% used [0x00000000a3c00000,0x00000000a64e5478,0x00000000a9380000)
 Metaspace       used 46463K, capacity 47293K, committed 47664K, reserved 1091584K
  class space    used 5891K, capacity 6139K, committed 6192K, reserved 1048576K
GC Heap History (10 events):
Event: 2.561 GC heap before
{Heap before GC invocations=4 (full 1):
 PSYoungGen      total 52736K, used 3568K [0x00000000e1400000, 0x00000000e7b00000, 0x0000000100000000)
  eden space 49152K, 0% used [0x00000000e1400000,0x00000000e1400000,0x00000000e4400000)
  from space 3584K, 99% used [0x00000000e4400000,0x00000000e477c030,0x00000000e4780000)
  to   space 3584K, 0% used [0x00000000e7780000,0x00000000e7780000,0x00000000e7b00000)
 ParOldGen       total 64512K, used 27029K [0x00000000a3c00000, 0x00000000a7b00000, 0x00000000e1400000)
  object space 64512K, 41% used [0x00000000a3c00000,0x00000000a56657f8,0x00000000a7b00000)
 Metaspace       used 20795K, capacity 21217K, committed 21296K, reserved 1069056K
  class space    used 2439K, capacity 2608K, committed 2608K, reserved 1048576K
Event: 2.712 GC heap after
Heap after GC invocations=4 (full 1):
 PSYoungGen      total 52736K, used 0K [0x00000000e1400000, 0x00000000e7b00000, 0x0000000100000000)
  eden space 49152K, 0% used [0x00000000e1400000,0x00000000e1400000,0x00000000e4400000)
  from space 3584K, 0% used [0x00000000e4400000,0x00000000e4400000,0x00000000e4780000)
  to   space 3584K, 0% used [0x00000000e7780000,0x00000000e7780000,0x00000000e7b00000)
 ParOldGen       total 89600K, used 25177K [0x00000000a3c00000, 0x00000000a9380000, 0x00000000e1400000)
  object space 89600K, 28% used [0x00000000a3c00000,0x00000000a54967f8,0x00000000a9380000)
 Metaspace       used 20795K, capacity 21217K, committed 21296K, reserved 1069056K
  class space    used 2439K, capacity 2608K, committed 2608K, reserved 1048576K
}
Event: 3.908 GC heap before
{Heap before GC invocations=5 (full 1):
 PSYoungGen      total 52736K, used 49152K [0x00000000e1400000, 0x00000000e7b00000, 0x0000000100000000)
  eden space 49152K, 100% used [0x00000000e1400000,0x00000000e4400000,0x00000000e4400000)
  from space 3584K, 0% used [0x00000000e4400000,0x00000000e4400000,0x00000000e4780000)
  to   space 3584K, 0% used [0x00000000e7780000,0x00000000e7780000,0x00000000e7b00000)
 ParOldGen       total 89600K, used 25177K [0x00000000a3c00000, 0x00000000a9380000, 0x00000000e1400000)
  object space 89600K, 28% used [0x00000000a3c00000,0x00000000a54967f8,0x00000000a9380000)
 Metaspace       used 27450K, capacity 28035K, committed 28208K, reserved 1073152K
  class space    used 3572K, capacity 3762K, committed 3888K, reserved 1048576K
Event: 3.922 GC heap after
Heap after GC invocations=5 (full 1):
 PSYoungGen      total 65536K, used 3578K [0x00000000e1400000, 0x00000000e7b00000, 0x0000000100000000)
  eden space 61952K, 0% used [0x00000000e1400000,0x00000000e1400000,0x00000000e5080000)
  from space 3584K, 99% used [0x00000000e7780000,0x00000000e7afe890,0x00000000e7b00000)
  to   space 3584K, 0% used [0x00000000e7400000,0x00000000e7400000,0x00000000e7780000)
 ParOldGen       total 89600K, used 32513K [0x00000000a3c00000, 0x00000000a9380000, 0x00000000e1400000)
  object space 89600K, 36% used [0x00000000a3c00000,0x00000000a5bc0460,0x00000000a9380000)
 Metaspace       used 27450K, capacity 28035K, committed 28208K, reserved 1073152K
  class space    used 3572K, capacity 3762K, committed 3888K, reserved 1048576K
}
Event: 5.031 GC heap before
{Heap before GC invocations=6 (full 1):
 PSYoungGen      total 65536K, used 49408K [0x00000000e1400000, 0x00000000e7b00000, 0x0000000100000000)
  eden space 61952K, 73% used [0x00000000e1400000,0x00000000e40c1820,0x00000000e5080000)
  from space 3584K, 99% used [0x00000000e7780000,0x00000000e7afe890,0x00000000e7b00000)
  to   space 3584K, 0% used [0x00000000e7400000,0x00000000e7400000,0x00000000e7780000)
 ParOldGen       total 89600K, used 32513K [0x00000000a3c00000, 0x00000000a9380000, 0x00000000e1400000)
  object space 89600K, 36% used [0x00000000a3c00000,0x00000000a5bc0460,0x00000000a9380000)
 Metaspace       used 34693K, capacity 35203K, committed 35496K, reserved 1081344K
  class space    used 4433K, capacity 4605K, committed 4656K, reserved 1048576K
Event: 5.045 GC heap after
Heap after GC invocations=6 (full 1):
 PSYoungGen      total 80384K, used 3558K [0x00000000e1400000, 0x00000000e8d00000, 0x0000000100000000)
  eden space 76800K, 0% used [0x00000000e1400000,0x00000000e1400000,0x00000000e5f00000)
  from space 3584K, 99% used [0x00000000e7400000,0x00000000e7779880,0x00000000e7780000)
  to   space 22016K, 0% used [0x00000000e7780000,0x00000000e7780000,0x00000000e8d00000)
 ParOldGen       total 89600K, used 44750K [0x00000000a3c00000, 0x00000000a9380000, 0x00000000e1400000)
  object space 89600K, 49% used [0x00000000a3c00000,0x00000000a67b3b88,0x00000000a9380000)
 Metaspace       used 34693K, capacity 35203K, committed 35496K, reserved 1081344K
  class space    used 4433K, capacity 4605K, committed 4656K, reserved 1048576K
}
Event: 5.045 GC heap before
{Heap before GC invocations=7 (full 2):
 PSYoungGen      total 80384K, used 3558K [0x00000000e1400000, 0x00000000e8d00000, 0x0000000100000000)
  eden space 76800K, 0% used [0x00000000e1400000,0x00000000e1400000,0x00000000e5f00000)
  from space 3584K, 99% used [0x00000000e7400000,0x00000000e7779880,0x00000000e7780000)
  to   space 22016K, 0% used [0x00000000e7780000,0x00000000e7780000,0x00000000e8d00000)
 ParOldGen       total 89600K, used 44750K [0x00000000a3c00000, 0x00000000a9380000, 0x00000000e1400000)
  object space 89600K, 49% used [0x00000000a3c00000,0x00000000a67b3b88,0x00000000a9380000)
 Metaspace       used 34693K, capacity 35203K, committed 35496K, reserved 1081344K
  class space    used 4433K, capacity 4605K, committed 4656K, reserved 1048576K
Event: 5.176 GC heap after
Heap after GC invocations=7 (full 2):
 PSYoungGen      total 80384K, used 0K [0x00000000e1400000, 0x00000000e8d00000, 0x0000000100000000)
  eden space 76800K, 0% used [0x00000000e1400000,0x00000000e1400000,0x00000000e5f00000)
  from space 3584K, 0% used [0x00000000e7400000,0x00000000e7400000,0x00000000e7780000)
  to   space 22016K, 0% used [0x00000000e7780000,0x00000000e7780000,0x00000000e8d00000)
 ParOldGen       total 89600K, used 41869K [0x00000000a3c00000, 0x00000000a9380000, 0x00000000e1400000)
  object space 89600K, 46% used [0x00000000a3c00000,0x00000000a64e3478,0x00000000a9380000)
 Metaspace       used 34693K, capacity 35203K, committed 35496K, reserved 1081344K
  class space    used 4433K, capacity 4605K, committed 4656K, reserved 1048576K
}
Event: 7.399 GC heap before
{Heap before GC invocations=8 (full 2):
 PSYoungGen      total 80384K, used 76800K [0x00000000e1400000, 0x00000000e8d00000, 0x0000000100000000)
  eden space 76800K, 100% used [0x00000000e1400000,0x00000000e5f00000,0x00000000e5f00000)
  from space 3584K, 0% used [0x00000000e7400000,0x00000000e7400000,0x00000000e7780000)
  to   space 22016K, 0% used [0x00000000e7780000,0x00000000e7780000,0x00000000e8d00000)
 ParOldGen       total 89600K, used 41869K [0x00000000a3c00000, 0x00000000a9380000, 0x00000000e1400000)
  object space 89600K, 46% used [0x00000000a3c00000,0x00000000a64e3478,0x00000000a9380000)
 Metaspace       used 45303K, capacity 46147K, committed 46512K, reserved 1089536K
  class space    used 5743K, capacity 5998K, committed 6064K, reserved 1048576K
Event: 7.429 GC heap after
Heap after GC invocations=8 (full 2):
 PSYoungGen      total 98816K, used 18279K [0x00000000e1400000, 0x00000000e8d00000, 0x0000000100000000)
  eden space 76800K, 0% used [0x00000000e1400000,0x00000000e1400000,0x00000000e5f00000)
  from space 22016K, 83% used [0x00000000e7780000,0x00000000e8959d60,0x00000000e8d00000)
  to   space 3584K, 0% used [0x00000000e7400000,0x00000000e7400000,0x00000000e7780000)
 ParOldGen       total 89600K, used 41877K [0x00000000a3c00000, 0x00000000a9380000, 0x00000000e1400000)
  object space 89600K, 46% used [0x00000000a3c00000,0x00000000a64e5478,0x00000000a9380000)
 Metaspace       used 45303K, capacity 46147K, committed 46512K, reserved 1089536K
  class space    used 5743K, capacity 5998K, committed 6064K, reserved 1048576K
}

