# JRE version: Java(TM) SE Runtime Environment (8.0_101-b13) (build 1.8.0_101-b13)
# Java VM: Java HotSpot(TM) 64-Bit Server VM (25.101-b13 mixed mode windows-amd64 compressed oops)
Heap:
 PSYoungGen      total 541184K, used 114246K [0x00000000d5580000, 0x00000000ffa80000, 0x0000000100000000)
  eden space 396288K, 18% used [0x00000000d5580000,0x00000000d9c62940,0x00000000ed880000)
  from space 144896K, 28% used [0x00000000f6d00000,0x00000000f95aefb0,0x00000000ffa80000)
  to   space 148480K, 0% used [0x00000000ed880000,0x00000000ed880000,0x00000000f6980000)
 ParOldGen       total 337920K, used 180351K [0x0000000080000000, 0x0000000094a00000, 0x00000000d5580000)
  object space 337920K, 53% used [0x0000000080000000,0x000000008b01fff8,0x0000000094a00000)
 Metaspace       used 161539K, capacity 174616K, committed 174848K, reserved 1200128K
  class space    used 20941K, capacity 23225K, committed 23296K, reserved 1048576K
GC Heap History (10 events):
Event: 2311.985 GC heap before
{Heap before GC invocations=50 (full 6):
 PSYoungGen      total 538112K, used 429060K [0x00000000d5580000, 0x0000000100000000, 0x0000000100000000)
  eden space 377344K, 100% used [0x00000000d5580000,0x00000000ec600000,0x00000000ec600000)
  from space 160768K, 32% used [0x00000000ec600000,0x00000000ef8813a0,0x00000000f6300000)
  to   space 157696K, 0% used [0x00000000f6600000,0x00000000f6600000,0x0000000100000000)
 ParOldGen       total 337920K, used 178911K [0x0000000080000000, 0x0000000094a00000, 0x00000000d5580000)
  object space 337920K, 52% used [0x0000000080000000,0x000000008aeb7ff8,0x0000000094a00000)
 Metaspace       used 160847K, capacity 173860K, committed 173952K, reserved 1200128K
  class space    used 20877K, capacity 23143K, committed 23168K, reserved 1048576K
Event: 2312.184 GC heap after
Heap after GC invocations=50 (full 6):
 PSYoungGen      total 529920K, used 114537K [0x00000000d5580000, 0x0000000100000000, 0x0000000100000000)
  eden space 372224K, 0% used [0x00000000d5580000,0x00000000d5580000,0x00000000ec100000)
  from space 157696K, 72% used [0x00000000f6600000,0x00000000fd5da568,0x0000000100000000)
  to   space 163328K, 0% used [0x00000000ec100000,0x00000000ec100000,0x00000000f6080000)
 ParOldGen       total 337920K, used 178959K [0x0000000080000000, 0x0000000094a00000, 0x00000000d5580000)
  object space 337920K, 52% used [0x0000000080000000,0x000000008aec3ff8,0x0000000094a00000)
 Metaspace       used 160847K, capacity 173860K, committed 173952K, reserved 1200128K
  class space    used 20877K, capacity 23143K, committed 23168K, reserved 1048576K
}
Event: 2361.058 GC heap before
{Heap before GC invocations=51 (full 6):
 PSYoungGen      total 529920K, used 486761K [0x00000000d5580000, 0x0000000100000000, 0x0000000100000000)
  eden space 372224K, 100% used [0x00000000d5580000,0x00000000ec100000,0x00000000ec100000)
  from space 157696K, 72% used [0x00000000f6600000,0x00000000fd5da568,0x0000000100000000)
  to   space 163328K, 0% used [0x00000000ec100000,0x00000000ec100000,0x00000000f6080000)
 ParOldGen       total 337920K, used 178959K [0x0000000080000000, 0x0000000094a00000, 0x00000000d5580000)
  object space 337920K, 52% used [0x0000000080000000,0x000000008aec3ff8,0x0000000094a00000)
 Metaspace       used 161048K, capacity 174136K, committed 174336K, reserved 1200128K
  class space    used 20903K, capacity 23189K, committed 23296K, reserved 1048576K
Event: 2361.176 GC heap after
Heap after GC invocations=51 (full 6):
 PSYoungGen      total 535552K, used 67447K [0x00000000d5580000, 0x00000000ffa80000, 0x0000000100000000)
  eden space 372224K, 0% used [0x00000000d5580000,0x00000000d5580000,0x00000000ec100000)
  from space 163328K, 41% used [0x00000000ec100000,0x00000000f02ddea0,0x00000000f6080000)
  to   space 157696K, 0% used [0x00000000f6080000,0x00000000f6080000,0x00000000ffa80000)
 ParOldGen       total 337920K, used 179543K [0x0000000080000000, 0x0000000094a00000, 0x00000000d5580000)
  object space 337920K, 53% used [0x0000000080000000,0x000000008af55ff8,0x0000000094a00000)
 Metaspace       used 161048K, capacity 174136K, committed 174336K, reserved 1200128K
  class space    used 20903K, capacity 23189K, committed 23296K, reserved 1048576K
}
Event: 2435.533 GC heap before
{Heap before GC invocations=52 (full 6):
 PSYoungGen      total 535552K, used 439149K [0x00000000d5580000, 0x00000000ffa80000, 0x0000000100000000)
  eden space 372224K, 99% used [0x00000000d5580000,0x00000000ec07d830,0x00000000ec100000)
  from space 163328K, 41% used [0x00000000ec100000,0x00000000f02ddea0,0x00000000f6080000)
  to   space 157696K, 0% used [0x00000000f6080000,0x00000000f6080000,0x00000000ffa80000)
 ParOldGen       total 337920K, used 179543K [0x0000000080000000, 0x0000000094a00000, 0x00000000d5580000)
  object space 337920K, 53% used [0x0000000080000000,0x000000008af55ff8,0x0000000094a00000)
 Metaspace       used 161179K, capacity 174300K, committed 174592K, reserved 1200128K
  class space    used 20907K, capacity 23195K, committed 23296K, reserved 1048576K
Event: 2435.628 GC heap after
Heap after GC invocations=52 (full 6):
 PSYoungGen      total 524288K, used 65647K [0x00000000d5580000, 0x00000000fef80000, 0x0000000100000000)
  eden space 377856K, 0% used [0x00000000d5580000,0x00000000d5580000,0x00000000ec680000)
  from space 146432K, 44% used [0x00000000f6080000,0x00000000fa09bc90,0x00000000fef80000)
  to   space 152064K, 0% used [0x00000000ec680000,0x00000000ec680000,0x00000000f5b00000)
 ParOldGen       total 337920K, used 179551K [0x0000000080000000, 0x0000000094a00000, 0x00000000d5580000)
  object space 337920K, 53% used [0x0000000080000000,0x000000008af57ff8,0x0000000094a00000)
 Metaspace       used 161179K, capacity 174300K, committed 174592K, reserved 1200128K
  class space    used 20907K, capacity 23195K, committed 23296K, reserved 1048576K
}
Event: 2677.000 GC heap before
{Heap before GC invocations=53 (full 6):
 PSYoungGen      total 524288K, used 443503K [0x00000000d5580000, 0x00000000fef80000, 0x0000000100000000)
  eden space 377856K, 100% used [0x00000000d5580000,0x00000000ec680000,0x00000000ec680000)
  from space 146432K, 44% used [0x00000000f6080000,0x00000000fa09bc90,0x00000000fef80000)
  to   space 152064K, 0% used [0x00000000ec680000,0x00000000ec680000,0x00000000f5b00000)
 ParOldGen       total 337920K, used 179551K [0x0000000080000000, 0x0000000094a00000, 0x00000000d5580000)
  object space 337920K, 53% used [0x0000000080000000,0x000000008af57ff8,0x0000000094a00000)
 Metaspace       used 161273K, capacity 174312K, committed 174592K, reserved 1200128K
  class space    used 20909K, capacity 23197K, committed 23296K, reserved 1048576K
Event: 2677.080 GC heap after
Heap after GC invocations=53 (full 6):
 PSYoungGen      total 529920K, used 42240K [0x00000000d5580000, 0x0000000100000000, 0x0000000100000000)
  eden space 377856K, 0% used [0x00000000d5580000,0x00000000d5580000,0x00000000ec680000)
  from space 152064K, 27% used [0x00000000ec680000,0x00000000eefc03c8,0x00000000f5b00000)
  to   space 150528K, 0% used [0x00000000f6d00000,0x00000000f6d00000,0x0000000100000000)
 ParOldGen       total 337920K, used 179807K [0x0000000080000000, 0x0000000094a00000, 0x00000000d5580000)
  object space 337920K, 53% used [0x0000000080000000,0x000000008af97ff8,0x0000000094a00000)
 Metaspace       used 161273K, capacity 174312K, committed 174592K, reserved 1200128K
  class space    used 20909K, capacity 23197K, committed 23296K, reserved 1048576K
}
Event: 2703.497 GC heap before
{Heap before GC invocations=54 (full 6):
 PSYoungGen      total 529920K, used 420096K [0x00000000d5580000, 0x0000000100000000, 0x0000000100000000)
  eden space 377856K, 100% used [0x00000000d5580000,0x00000000ec680000,0x00000000ec680000)
  from space 152064K, 27% used [0x00000000ec680000,0x00000000eefc03c8,0x00000000f5b00000)
  to   space 150528K, 0% used [0x00000000f6d00000,0x00000000f6d00000,0x0000000100000000)
 ParOldGen       total 337920K, used 179807K [0x0000000080000000, 0x0000000094a00000, 0x00000000d5580000)
  object space 337920K, 53% used [0x0000000080000000,0x000000008af97ff8,0x0000000094a00000)
 Metaspace       used 161519K, capacity 174604K, committed 174848K, reserved 1200128K
  class space    used 20940K, capacity 23223K, committed 23296K, reserved 1048576K
Event: 2703.578 GC heap after
Heap after GC invocations=54 (full 6):
 PSYoungGen      total 541184K, used 41659K [0x00000000d5580000, 0x00000000ffa80000, 0x0000000100000000)
  eden space 396288K, 0% used [0x00000000d5580000,0x00000000d5580000,0x00000000ed880000)
  from space 144896K, 28% used [0x00000000f6d00000,0x00000000f95aefb0,0x00000000ffa80000)
  to   space 148480K, 0% used [0x00000000ed880000,0x00000000ed880000,0x00000000f6980000)
 ParOldGen       total 337920K, used 180351K [0x0000000080000000, 0x0000000094a00000, 0x00000000d5580000)
  object space 337920K, 53% used [0x0000000080000000,0x000000008b01fff8,0x0000000094a00000)
 Metaspace       used 161519K, capacity 174604K, committed 174848K, reserved 1200128K
  class space    used 20940K, capacity 23223K, committed 23296K, reserved 1048576K
}

