# JRE version: Java(TM) SE Runtime Environment (8.0_101-b13) (build 1.8.0_101-b13)
# Java VM: Java HotSpot(TM) 64-Bit Server VM (25.101-b13 mixed mode windows-amd64 compressed oops)
Heap:
 PSYoungGen      total 460800K, used 86679K [0x00000000d5580000, 0x00000000feb80000, 0x0000000100000000)
  eden space 409600K, 8% used [0x00000000d5580000,0x00000000d78899a0,0x00000000ee580000)
  from space 51200K, 99% used [0x00000000ee580000,0x00000000f171c640,0x00000000f1780000)
  to   space 134144K, 0% used [0x00000000f6880000,0x00000000f6880000,0x00000000feb80000)
 ParOldGen       total 387584K, used 286641K [0x0000000080000000, 0x0000000097a80000, 0x00000000d5580000)
  object space 387584K, 73% used [0x0000000080000000,0x00000000917ec6d8,0x0000000097a80000)
 Metaspace       used 142118K, capacity 151354K, committed 154752K, reserved 1183744K
  class space    used 18131K, capacity 19734K, committed 20352K, reserved 1048576K
GC Heap History (10 events):
Event: 2885.843 GC heap before
{Heap before GC invocations=49 (full 8):
 PSYoungGen      total 537600K, used 472486K [0x00000000d5580000, 0x00000000ff480000, 0x0000000100000000)
  eden space 402432K, 100% used [0x00000000d5580000,0x00000000ede80000,0x00000000ede80000)
  from space 135168K, 51% used [0x00000000f7080000,0x00000000fb4e9b48,0x00000000ff480000)
  to   space 142336K, 0% used [0x00000000ede80000,0x00000000ede80000,0x00000000f6980000)
 ParOldGen       total 387584K, used 257347K [0x0000000080000000, 0x0000000097a80000, 0x00000000d5580000)
  object space 387584K, 66% used [0x0000000080000000,0x000000008fb50fc8,0x0000000097a80000)
 Metaspace       used 137070K, capacity 145398K, committed 154240K, reserved 1183744K
  class space    used 17486K, capacity 18972K, committed 20352K, reserved 1048576K
Event: 2885.901 GC heap after
Heap after GC invocations=49 (full 8):
 PSYoungGen      total 544768K, used 13388K [0x00000000d5580000, 0x0000000100000000, 0x0000000100000000)
  eden space 402432K, 0% used [0x00000000d5580000,0x00000000d5580000,0x00000000ede80000)
  from space 142336K, 9% used [0x00000000ede80000,0x00000000eeb931a8,0x00000000f6980000)
  to   space 141824K, 0% used [0x00000000f7580000,0x00000000f7580000,0x0000000100000000)
 ParOldGen       total 387584K, used 262014K [0x0000000080000000, 0x0000000097a80000, 0x00000000d5580000)
  object space 387584K, 67% used [0x0000000080000000,0x000000008ffdfaf8,0x0000000097a80000)
 Metaspace       used 137070K, capacity 145398K, committed 154240K, reserved 1183744K
  class space    used 17486K, capacity 18972K, committed 20352K, reserved 1048576K
}
Event: 2893.955 GC heap before
{Heap before GC invocations=50 (full 8):
 PSYoungGen      total 544768K, used 415820K [0x00000000d5580000, 0x0000000100000000, 0x0000000100000000)
  eden space 402432K, 100% used [0x00000000d5580000,0x00000000ede80000,0x00000000ede80000)
  from space 142336K, 9% used [0x00000000ede80000,0x00000000eeb931a8,0x00000000f6980000)
  to   space 141824K, 0% used [0x00000000f7580000,0x00000000f7580000,0x0000000100000000)
 ParOldGen       total 387584K, used 262014K [0x0000000080000000, 0x0000000097a80000, 0x00000000d5580000)
  object space 387584K, 67% used [0x0000000080000000,0x000000008ffdfaf8,0x0000000097a80000)
 Metaspace       used 140204K, capacity 148708K, committed 154240K, reserved 1183744K
  class space    used 17856K, capacity 19363K, committed 20352K, reserved 1048576K
Event: 2894.001 GC heap after
Heap after GC invocations=50 (full 8):
 PSYoungGen      total 547840K, used 26287K [0x00000000d5580000, 0x00000000ff780000, 0x0000000100000000)
  eden space 414720K, 0% used [0x00000000d5580000,0x00000000d5580000,0x00000000eea80000)
  from space 133120K, 19% used [0x00000000f7580000,0x00000000f8f2be18,0x00000000ff780000)
  to   space 137728K, 0% used [0x00000000eea80000,0x00000000eea80000,0x00000000f7100000)
 ParOldGen       total 387584K, used 264562K [0x0000000080000000, 0x0000000097a80000, 0x00000000d5580000)
  object space 387584K, 68% used [0x0000000080000000,0x000000009025c940,0x0000000097a80000)
 Metaspace       used 140204K, capacity 148708K, committed 154240K, reserved 1183744K
  class space    used 17856K, capacity 19363K, committed 20352K, reserved 1048576K
}
Event: 2902.847 GC heap before
{Heap before GC invocations=51 (full 8):
 PSYoungGen      total 547840K, used 441007K [0x00000000d5580000, 0x00000000ff780000, 0x0000000100000000)
  eden space 414720K, 100% used [0x00000000d5580000,0x00000000eea80000,0x00000000eea80000)
  from space 133120K, 19% used [0x00000000f7580000,0x00000000f8f2be18,0x00000000ff780000)
  to   space 137728K, 0% used [0x00000000eea80000,0x00000000eea80000,0x00000000f7100000)
 ParOldGen       total 387584K, used 264562K [0x0000000080000000, 0x0000000097a80000, 0x00000000d5580000)
  object space 387584K, 68% used [0x0000000080000000,0x000000009025c940,0x0000000097a80000)
 Metaspace       used 141566K, capacity 150436K, committed 154240K, reserved 1183744K
  class space    used 18064K, capacity 19615K, committed 20352K, reserved 1048576K
Event: 2903.817 GC heap after
Heap after GC invocations=51 (full 8):
 PSYoungGen      total 514560K, used 99363K [0x00000000d5580000, 0x0000000100000000, 0x0000000100000000)
  eden space 414720K, 0% used [0x00000000d5580000,0x00000000d5580000,0x00000000eea80000)
  from space 99840K, 99% used [0x00000000eea80000,0x00000000f4b88e90,0x00000000f4c00000)
  to   space 146944K, 0% used [0x00000000f7080000,0x00000000f7080000,0x0000000100000000)
 ParOldGen       total 387584K, used 281034K [0x0000000080000000, 0x0000000097a80000, 0x00000000d5580000)
  object space 387584K, 72% used [0x0000000080000000,0x0000000091272948,0x0000000097a80000)
 Metaspace       used 141566K, capacity 150436K, committed 154240K, reserved 1183744K
  class space    used 18064K, capacity 19615K, committed 20352K, reserved 1048576K
}
Event: 5220.524 GC heap before
{Heap before GC invocations=52 (full 8):
 PSYoungGen      total 514560K, used 514083K [0x00000000d5580000, 0x0000000100000000, 0x0000000100000000)
  eden space 414720K, 100% used [0x00000000d5580000,0x00000000eea80000,0x00000000eea80000)
  from space 99840K, 99% used [0x00000000eea80000,0x00000000f4b88e90,0x00000000f4c00000)
  to   space 146944K, 0% used [0x00000000f7080000,0x00000000f7080000,0x0000000100000000)
 ParOldGen       total 387584K, used 281034K [0x0000000080000000, 0x0000000097a80000, 0x00000000d5580000)
  object space 387584K, 72% used [0x0000000080000000,0x0000000091272948,0x0000000097a80000)
 Metaspace       used 141956K, capacity 151204K, committed 154752K, reserved 1183744K
  class space    used 18128K, capacity 19731K, committed 20352K, reserved 1048576K
Event: 5220.589 GC heap after
Heap after GC invocations=52 (full 8):
 PSYoungGen      total 556544K, used 31003K [0x00000000d5580000, 0x0000000100000000, 0x0000000100000000)
  eden space 409600K, 0% used [0x00000000d5580000,0x00000000d5580000,0x00000000ee580000)
  from space 146944K, 21% used [0x00000000f7080000,0x00000000f8ec6c40,0x0000000100000000)
  to   space 142336K, 0% used [0x00000000ee580000,0x00000000ee580000,0x00000000f7080000)
 ParOldGen       total 387584K, used 284537K [0x0000000080000000, 0x0000000097a80000, 0x00000000d5580000)
  object space 387584K, 73% used [0x0000000080000000,0x00000000915de4a0,0x0000000097a80000)
 Metaspace       used 141956K, capacity 151204K, committed 154752K, reserved 1183744K
  class space    used 18128K, capacity 19731K, committed 20352K, reserved 1048576K
}
Event: 5229.177 GC heap before
{Heap before GC invocations=53 (full 8):
 PSYoungGen      total 556544K, used 439386K [0x00000000d5580000, 0x0000000100000000, 0x0000000100000000)
  eden space 409600K, 99% used [0x00000000d5580000,0x00000000ee44fdc0,0x00000000ee580000)
  from space 146944K, 21% used [0x00000000f7080000,0x00000000f8ec6c40,0x0000000100000000)
  to   space 142336K, 0% used [0x00000000ee580000,0x00000000ee580000,0x00000000f7080000)
 ParOldGen       total 387584K, used 284537K [0x0000000080000000, 0x0000000097a80000, 0x00000000d5580000)
  object space 387584K, 73% used [0x0000000080000000,0x00000000915de4a0,0x0000000097a80000)
 Metaspace       used 142114K, capacity 151354K, committed 154752K, reserved 1183744K
  class space    used 18130K, capacity 19734K, committed 20352K, reserved 1048576K
Event: 5229.242 GC heap after
Heap after GC invocations=53 (full 8):
 PSYoungGen      total 460800K, used 50801K [0x00000000d5580000, 0x00000000feb80000, 0x0000000100000000)
  eden space 409600K, 0% used [0x00000000d5580000,0x00000000d5580000,0x00000000ee580000)
  from space 51200K, 99% used [0x00000000ee580000,0x00000000f171c640,0x00000000f1780000)
  to   space 134144K, 0% used [0x00000000f6880000,0x00000000f6880000,0x00000000feb80000)
 ParOldGen       total 387584K, used 286641K [0x0000000080000000, 0x0000000097a80000, 0x00000000d5580000)
  object space 387584K, 73% used [0x0000000080000000,0x00000000917ec6d8,0x0000000097a80000)
 Metaspace       used 142114K, capacity 151354K, committed 154752K, reserved 1183744K
  class space    used 18130K, capacity 19734K, committed 20352K, reserved 1048576K
}

