# JRE version: Java(TM) SE Runtime Environment (8.0_101-b13) (build 1.8.0_101-b13)
# Java VM: Java HotSpot(TM) 64-Bit Server VM (25.101-b13 mixed mode windows-amd64 compressed oops)
Heap:
 PSYoungGen      total 52736K, used 28818K [0x00000000e1400000, 0x00000000e4b00000, 0x0000000100000000)
  eden space 49152K, 51% used [0x00000000e1400000,0x00000000e2caac98,0x00000000e4400000)
  from space 3584K, 99% used [0x00000000e4400000,0x00000000e4779e70,0x00000000e4780000)
  to   space 3584K, 0% used [0x00000000e4780000,0x00000000e4780000,0x00000000e4b00000)
 ParOldGen       total 76800K, used 47703K [0x00000000a3c00000, 0x00000000a8700000, 0x00000000e1400000)
  object space 76800K, 62% used [0x00000000a3c00000,0x00000000a6a95c08,0x00000000a8700000)
 Metaspace       used 44562K, capacity 45377K, committed 45616K, reserved 1089536K
  class space    used 5663K, capacity 5933K, committed 5936K, reserved 1048576K
GC Heap History (10 events):
Event: 2.225 GC heap before
{Heap before GC invocations=5 (full 1):
 PSYoungGen      total 52736K, used 3552K [0x00000000e1400000, 0x00000000e4b00000, 0x0000000100000000)
  eden space 49152K, 0% used [0x00000000e1400000,0x00000000e1400000,0x00000000e4400000)
  from space 3584K, 99% used [0x00000000e4780000,0x00000000e4af8060,0x00000000e4b00000)
  to   space 3584K, 0% used [0x00000000e4400000,0x00000000e4400000,0x00000000e4780000)
 ParOldGen       total 64512K, used 26881K [0x00000000a3c00000, 0x00000000a7b00000, 0x00000000e1400000)
  object space 64512K, 41% used [0x00000000a3c00000,0x00000000a56406b8,0x00000000a7b00000)
 Metaspace       used 20791K, capacity 21213K, committed 21296K, reserved 1069056K
  class space    used 2439K, capacity 2608K, committed 2608K, reserved 1048576K
Event: 2.358 GC heap after
Heap after GC invocations=5 (full 1):
 PSYoungGen      total 52736K, used 0K [0x00000000e1400000, 0x00000000e4b00000, 0x0000000100000000)
  eden space 49152K, 0% used [0x00000000e1400000,0x00000000e1400000,0x00000000e4400000)
  from space 3584K, 0% used [0x00000000e4780000,0x00000000e4780000,0x00000000e4b00000)
  to   space 3584K, 0% used [0x00000000e4400000,0x00000000e4400000,0x00000000e4780000)
 ParOldGen       total 76800K, used 20750K [0x00000000a3c00000, 0x00000000a8700000, 0x00000000e1400000)
  object space 76800K, 27% used [0x00000000a3c00000,0x00000000a50438e0,0x00000000a8700000)
 Metaspace       used 20791K, capacity 21213K, committed 21296K, reserved 1069056K
  class space    used 2439K, capacity 2608K, committed 2608K, reserved 1048576K
}
Event: 3.694 GC heap before
{Heap before GC invocations=6 (full 1):
 PSYoungGen      total 52736K, used 49152K [0x00000000e1400000, 0x00000000e4b00000, 0x0000000100000000)
  eden space 49152K, 100% used [0x00000000e1400000,0x00000000e4400000,0x00000000e4400000)
  from space 3584K, 0% used [0x00000000e4780000,0x00000000e4780000,0x00000000e4b00000)
  to   space 3584K, 0% used [0x00000000e4400000,0x00000000e4400000,0x00000000e4780000)
 ParOldGen       total 76800K, used 20750K [0x00000000a3c00000, 0x00000000a8700000, 0x00000000e1400000)
  object space 76800K, 27% used [0x00000000a3c00000,0x00000000a50438e0,0x00000000a8700000)
 Metaspace       used 27452K, capacity 28035K, committed 28208K, reserved 1073152K
  class space    used 3572K, capacity 3762K, committed 3888K, reserved 1048576K
Event: 3.707 GC heap after
Heap after GC invocations=6 (full 1):
 PSYoungGen      total 52736K, used 3558K [0x00000000e1400000, 0x00000000e4b00000, 0x0000000100000000)
  eden space 49152K, 0% used [0x00000000e1400000,0x00000000e1400000,0x00000000e4400000)
  from space 3584K, 99% used [0x00000000e4400000,0x00000000e4779870,0x00000000e4780000)
  to   space 3584K, 0% used [0x00000000e4780000,0x00000000e4780000,0x00000000e4b00000)
 ParOldGen       total 76800K, used 28116K [0x00000000a3c00000, 0x00000000a8700000, 0x00000000e1400000)
  object space 76800K, 36% used [0x00000000a3c00000,0x00000000a57753c8,0x00000000a8700000)
 Metaspace       used 27452K, capacity 28035K, committed 28208K, reserved 1073152K
  class space    used 3572K, capacity 3762K, committed 3888K, reserved 1048576K
}
Event: 4.699 GC heap before
{Heap before GC invocations=7 (full 1):
 PSYoungGen      total 52736K, used 47971K [0x00000000e1400000, 0x00000000e4b00000, 0x0000000100000000)
  eden space 49152K, 90% used [0x00000000e1400000,0x00000000e3f5f710,0x00000000e4400000)
  from space 3584K, 99% used [0x00000000e4400000,0x00000000e4779870,0x00000000e4780000)
  to   space 3584K, 0% used [0x00000000e4780000,0x00000000e4780000,0x00000000e4b00000)
 ParOldGen       total 76800K, used 28116K [0x00000000a3c00000, 0x00000000a8700000, 0x00000000e1400000)
  object space 76800K, 36% used [0x00000000a3c00000,0x00000000a57753c8,0x00000000a8700000)
 Metaspace       used 34694K, capacity 35203K, committed 35496K, reserved 1081344K
  class space    used 4433K, capacity 4605K, committed 4656K, reserved 1048576K
Event: 4.714 GC heap after
Heap after GC invocations=7 (full 1):
 PSYoungGen      total 52736K, used 3558K [0x00000000e1400000, 0x00000000e4b00000, 0x0000000100000000)
  eden space 49152K, 0% used [0x00000000e1400000,0x00000000e1400000,0x00000000e4400000)
  from space 3584K, 99% used [0x00000000e4780000,0x00000000e4af9860,0x00000000e4b00000)
  to   space 3584K, 0% used [0x00000000e4400000,0x00000000e4400000,0x00000000e4780000)
 ParOldGen       total 76800K, used 40262K [0x00000000a3c00000, 0x00000000a8700000, 0x00000000e1400000)
  object space 76800K, 52% used [0x00000000a3c00000,0x00000000a63518c8,0x00000000a8700000)
 Metaspace       used 34694K, capacity 35203K, committed 35496K, reserved 1081344K
  class space    used 4433K, capacity 4605K, committed 4656K, reserved 1048576K
}
Event: 4.714 GC heap before
{Heap before GC invocations=8 (full 2):
 PSYoungGen      total 52736K, used 3558K [0x00000000e1400000, 0x00000000e4b00000, 0x0000000100000000)
  eden space 49152K, 0% used [0x00000000e1400000,0x00000000e1400000,0x00000000e4400000)
  from space 3584K, 99% used [0x00000000e4780000,0x00000000e4af9860,0x00000000e4b00000)
  to   space 3584K, 0% used [0x00000000e4400000,0x00000000e4400000,0x00000000e4780000)
 ParOldGen       total 76800K, used 40262K [0x00000000a3c00000, 0x00000000a8700000, 0x00000000e1400000)
  object space 76800K, 52% used [0x00000000a3c00000,0x00000000a63518c8,0x00000000a8700000)
 Metaspace       used 34694K, capacity 35203K, committed 35496K, reserved 1081344K
  class space    used 4433K, capacity 4605K, committed 4656K, reserved 1048576K
Event: 4.828 GC heap after
Heap after GC invocations=8 (full 2):
 PSYoungGen      total 52736K, used 0K [0x00000000e1400000, 0x00000000e4b00000, 0x0000000100000000)
  eden space 49152K, 0% used [0x00000000e1400000,0x00000000e1400000,0x00000000e4400000)
  from space 3584K, 0% used [0x00000000e4780000,0x00000000e4780000,0x00000000e4b00000)
  to   space 3584K, 0% used [0x00000000e4400000,0x00000000e4400000,0x00000000e4780000)
 ParOldGen       total 76800K, used 37923K [0x00000000a3c00000, 0x00000000a8700000, 0x00000000e1400000)
  object space 76800K, 49% used [0x00000000a3c00000,0x00000000a6108ef0,0x00000000a8700000)
 Metaspace       used 34694K, capacity 35203K, committed 35496K, reserved 1081344K
  class space    used 4433K, capacity 4605K, committed 4656K, reserved 1048576K
}
Event: 6.135 GC heap before
{Heap before GC invocations=9 (full 2):
 PSYoungGen      total 52736K, used 49152K [0x00000000e1400000, 0x00000000e4b00000, 0x0000000100000000)
  eden space 49152K, 100% used [0x00000000e1400000,0x00000000e4400000,0x00000000e4400000)
  from space 3584K, 0% used [0x00000000e4780000,0x00000000e4780000,0x00000000e4b00000)
  to   space 3584K, 0% used [0x00000000e4400000,0x00000000e4400000,0x00000000e4780000)
 ParOldGen       total 76800K, used 37923K [0x00000000a3c00000, 0x00000000a8700000, 0x00000000e1400000)
  object space 76800K, 49% used [0x00000000a3c00000,0x00000000a6108ef0,0x00000000a8700000)
 Metaspace       used 41630K, capacity 42363K, committed 42672K, reserved 1087488K
  class space    used 5245K, capacity 5482K, committed 5552K, reserved 1048576K
Event: 6.152 GC heap after
Heap after GC invocations=9 (full 2):
 PSYoungGen      total 52736K, used 3559K [0x00000000e1400000, 0x00000000e4b00000, 0x0000000100000000)
  eden space 49152K, 0% used [0x00000000e1400000,0x00000000e1400000,0x00000000e4400000)
  from space 3584K, 99% used [0x00000000e4400000,0x00000000e4779e70,0x00000000e4780000)
  to   space 3584K, 0% used [0x00000000e4780000,0x00000000e4780000,0x00000000e4b00000)
 ParOldGen       total 76800K, used 47703K [0x00000000a3c00000, 0x00000000a8700000, 0x00000000e1400000)
  object space 76800K, 62% used [0x00000000a3c00000,0x00000000a6a95c08,0x00000000a8700000)
 Metaspace       used 41630K, capacity 42363K, committed 42672K, reserved 1087488K
  class space    used 5245K, capacity 5482K, committed 5552K, reserved 1048576K
}

